<?xml version="1.0" encoding="UTF-8"?>
<testsuite name="ExtensionTest" tests="1" skipped="0" failures="0" errors="0" timestamp="2020-08-22T13:19:23" hostname="Aludey-PC" time="0.037">
  <properties/>
  <testcase name="testExtensionFunction()" classname="ExtensionTest" time="0.037"/>
  <system-out><![CDATA[]]></system-out>
  <system-err><![CDATA[]]></system-err>
</testsuite>
