<?xml version="1.0" encoding="UTF-8"?>
<testsuite name="TestGreet" tests="3" skipped="0" failures="0" errors="0" timestamp="2020-08-21T20:46:35" hostname="Aludey-PC" time="0.031">
  <properties/>
  <testcase name="jpNegativeSalary()" classname="TestGreet" time="0.019"/>
  <testcase name="jpTenYearSalary()" classname="TestGreet" time="0.001"/>
  <testcase name="greetSvetaIvanova()" classname="TestGreet" time="0.01"/>
  <system-out><![CDATA[]]></system-out>
  <system-err><![CDATA[]]></system-err>
</testsuite>
